<?xml version="1.0" encoding="UTF-8"?>
<testsuite xmlns:xsi="http://www.w3.org/2001/XMLSchema-instance" xsi:noNamespaceSchemaLocation="https://maven.apache.org/surefire/maven-surefire-plugin/xsd/surefire-test-report.xsd" version="3.0.2" name="com.cts.employeemanagementsystem.controller.EmployeeControllerTest" time="21.465" tests="9" errors="0" skipped="0" failures="3" flakes="0">
  <properties>
[...]
</properties>
  <testcase name="testGetEmployeeById_Success" classname="com.cts.employeemanagementsystem.controller.EmployeeControllerTest" time="2.274">
    <failure message="No value at JSON path &quot;$._links.self.href&quot;" type="java.lang.AssertionError"><![CDATA[java.lang.AssertionError: No value at JSON path "$._links.self.href"
	at org.springframework.test.util.JsonPathExpectationsHelper.evaluateJsonPath(JsonPathExpectationsHelper.java:351)
	at org.springframework.test.util.JsonPathExpectationsHelper.assertValue(JsonPathExpectationsHelper.java:106)
	at org.springframework.test.web.servlet.result.JsonPathResultMatchers.lambda$value$0(JsonPathResultMatchers.java:88)
	at org.springframework.test.web.servlet.MockMvc$1.andExpect(MockMvc.java:214)
	at com.cts.employeemanagementsystem.controller.EmployeeControllerTest.testGetEmployeeById_Success(EmployeeControllerTest.java:94)
	at java.base/java.lang.reflect.Method.invoke(Method.java:580)
	at java.base/java.util.ArrayList.forEach(ArrayList.java:1596)
	at java.base/java.util.ArrayList.forEach(ArrayList.java:1596)
Caused by: com.jayway.jsonpath.PathNotFoundException: Missing property in path $['_links']
]]></failure>
    <system-out><![CDATA[10:53:14.229 [main] INFO org.springframework.test.context.support.AnnotationConfigContextLoaderUtils -- Could not detect default configuration classes for test class [com.cts.employeemanagementsystem.controller.EmployeeControllerTest]: EmployeeControllerTest does not declare any static, non-private, non-final, nested classes annotated with @Configuration.
10:53:14.789 [main] INFO org.springframework.boot.test.context.SpringBootTestContextBootstrapper -- Found @SpringBootConfiguration com.cts.employeemanagementsystem.EmployeeManagementSystemApplication for test class com.cts.employeemanagementsystem.controller.EmployeeControllerTest

  .   ____          _            __ _ _
 /\\ / ___'_ __ _ _(_)_ __  __ _ \ \ \ \
( ( )\___ | '_ | '_| | '_ \/ _` | \ \ \ \
 \\/  ___)| |_)| | | | | || (_| |  ) ) ) )
  '  |____| .__|_| |_|_| |_\__, | / / / /
 =========|_|==============|___/=/_/_/_/

 :: Spring Boot ::               (v3.5.16)

2026-07-20 10:53:16 [main] INFO  c.c.e.c.EmployeeControllerTest - Starting EmployeeControllerTest using Java 21.0.11 with PID 4052 (started by 91630 in C:\Users\91630\Desktop\CTS-Digital-Nurture\Week3\EmployeeManagementSystem)
2026-07-20 10:53:16 [main] DEBUG c.c.e.c.EmployeeControllerTest - Running with Spring Boot v3.5.16, Spring v6.2.19
2026-07-20 10:53:16 [main] INFO  c.c.e.c.EmployeeControllerTest - No active profile set, falling back to 1 default profile: "default"
2026-07-20 10:53:19 [main] INFO  o.s.d.r.c.RepositoryConfigurationDelegate - Bootstrapping Spring Data JPA repositories in DEFAULT mode.
2026-07-20 10:53:20 [main] INFO  o.s.d.r.c.RepositoryConfigurationDelegate - Finished Spring Data repository scanning in 204 ms. Found 1 JPA repository interface.
2026-07-20 10:53:21 [main] INFO  o.h.jpa.internal.util.LogHelper - HHH000204: Processing PersistenceUnitInfo [name: default]
2026-07-20 10:53:21 [main] INFO  org.hibernate.Version - HHH000412: Hibernate ORM core version 6.6.53.Final
2026-07-20 10:53:21 [main] INFO  o.h.c.i.RegionFactoryInitiator - HHH000026: Second-level cache disabled
2026-07-20 10:53:23 [main] INFO  o.s.o.j.p.SpringPersistenceUnitInfo - No LoadTimeWeaver setup: ignoring JPA class transformer
2026-07-20 10:53:23 [main] INFO  com.zaxxer.hikari.HikariDataSource - HikariPool-1 - Starting...
2026-07-20 10:53:23 [main] INFO  com.zaxxer.hikari.pool.HikariPool - HikariPool-1 - Added connection conn0: url=jdbc:h2:mem:testdb user=SA
2026-07-20 10:53:23 [main] INFO  com.zaxxer.hikari.HikariDataSource - HikariPool-1 - Start completed.
2026-07-20 10:53:24 [main] INFO  o.hibernate.orm.connections.pooling - HHH10001005: Database info:
	Database JDBC URL [Connecting through datasource 'HikariDataSource (HikariPool-1)']
	Database driver: undefined/unknown
	Database version: 2.3.232
	Autocommit mode: undefined/unknown
	Isolation level: undefined/unknown
	Minimum pool size: undefined/unknown
	Maximum pool size: undefined/unknown
2026-07-20 10:53:26 [main] INFO  o.h.e.t.j.p.i.JtaPlatformInitiator - HHH000489: No JTA platform available (set 'hibernate.transaction.jta.platform' to enable JTA platform integration)
Hibernate: create table employee (id integer not null check (id>=1), department varchar(255) not null, name varchar(255) not null, salary float(53) not null check (salary>=0), primary key (id))
2026-07-20 10:53:27 [main] INFO  o.s.o.j.LocalContainerEntityManagerFactoryBean - Initialized JPA EntityManagerFactory for persistence unit 'default'
2026-07-20 10:53:28 [main] WARN  o.s.b.a.o.j.JpaBaseConfiguration$JpaWebConfiguration - spring.jpa.open-in-view is enabled by default. Therefore, database queries may be performed during view rendering. Explicitly configure spring.jpa.open-in-view to disable this warning
2026-07-20 10:53:28 [main] INFO  o.s.b.a.w.s.WelcomePageHandlerMapping - Adding welcome page template: index
2026-07-20 10:53:30 [main] INFO  o.s.b.a.h.H2ConsoleAutoConfiguration - H2 console available at '/h2-console'. Database available at 'jdbc:h2:mem:testdb'
2026-07-20 10:53:30 [main] INFO  o.s.b.t.m.w.SpringBootMockServletContext - Initializing Spring TestDispatcherServlet ''
2026-07-20 10:53:30 [main] INFO  o.s.t.w.s.TestDispatcherServlet - Initializing Servlet ''
2026-07-20 10:53:30 [main] INFO  o.s.b.a.e.web.EndpointLinksResolver - Exposing 4 endpoints beneath base path '/actuator'
2026-07-20 10:53:30 [main] INFO  o.s.t.w.s.TestDispatcherServlet - Completed initialization in 81 ms
2026-07-20 10:53:30 [main] INFO  c.c.e.c.EmployeeControllerTest - Started EmployeeControllerTest in 15.468 seconds (process running for 19.342)
Hibernate: select e1_0.id,e1_0.department,e1_0.name,e1_0.salary from employee e1_0
Hibernate: select e1_0.id,e1_0.department,e1_0.name,e1_0.salary from employee e1_0 where e1_0.id=?

MockHttpServletRequest:
      HTTP Method = GET
      Request URI = /employee/1
       Parameters = {}
          Headers = []
             Body = null
    Session Attrs = {}

Handler:
             Type = com.cts.employeemanagementsystem.controller.EmployeeController
           Method = com.cts.employeemanagementsystem.controller.EmployeeController#getEmployeeById(int)

Async:
    Async started = false
     Async result = null

Resolved Exception:
             Type = null

ModelAndView:
        View name = null
             View = null
            Model = null

FlashMap:
       Attributes = null

MockHttpServletResponse:
           Status = 200
    Error message = null
          Headers = [Content-Type:"application/json"]
     Content type = application/json
             Body = {"id":1,"name":"John Doe","department":"Engineering","salary":75000.0}
    Forwarded URL = null
   Redirected URL = null
          Cookies = []
]]></system-out>
    <system-err><![CDATA[Mockito is currently self-attaching to enable the inline-mock-maker. This will no longer work in future releases of the JDK. Please add Mockito as an agent to your build as described in Mockito's documentation: https://javadoc.io/doc/org.mockito/mockito-core/latest/org.mockito/org/mockito/Mockito.html#0.3
WARNING: A Java agent has been loaded dynamically (C:\Users\91630\.m2\repository\net\bytebuddy\byte-buddy-agent\1.17.8\byte-buddy-agent-1.17.8.jar)
WARNING: If a serviceability tool is in use, please run with -XX:+EnableDynamicAgentLoading to hide this warning
WARNING: If a serviceability tool is not in use, please run with -Djdk.instrument.traceUsage for more information
WARNING: Dynamic loading of agents will be disallowed by default in a future release
]]></system-err>
  </testcase>
  <testcase name="testSaveEmployee_Success" classname="com.cts.employeemanagementsystem.controller.EmployeeControllerTest" time="0.243">
    <failure message="No value at JSON path &quot;$._links.self.href&quot;" type="java.lang.AssertionError"><![CDATA[java.lang.AssertionError: No value at JSON path "$._links.self.href"
	at org.springframework.test.util.JsonPathExpectationsHelper.evaluateJsonPath(JsonPathExpectationsHelper.java:351)
	at org.springframework.test.util.JsonPathExpectationsHelper.assertValue(JsonPathExpectationsHelper.java:106)
	at org.springframework.test.web.servlet.result.JsonPathResultMatchers.lambda$value$0(JsonPathResultMatchers.java:88)
	at org.springframework.test.web.servlet.MockMvc$1.andExpect(MockMvc.java:214)
	at com.cts.employeemanagementsystem.controller.EmployeeControllerTest.testSaveEmployee_Success(EmployeeControllerTest.java:52)
	at java.base/java.lang.reflect.Method.invoke(Method.java:580)
	at java.base/java.util.ArrayList.forEach(ArrayList.java:1596)
	at java.base/java.util.ArrayList.forEach(ArrayList.java:1596)
Caused by: com.jayway.jsonpath.PathNotFoundException: Missing property in path $['_links']
]]></failure>
    <system-out><![CDATA[Hibernate: select e1_0.id,e1_0.department,e1_0.name,e1_0.salary from employee e1_0
Hibernate: select e1_0.id,e1_0.department,e1_0.name,e1_0.salary from employee e1_0 where e1_0.id=?

MockHttpServletRequest:
      HTTP Method = POST
      Request URI = /employee/save
       Parameters = {}
          Headers = [Content-Type:"application/json;charset=UTF-8", Content-Length:"70"]
             Body = {"id":1,"name":"John Doe","department":"Engineering","salary":75000.0}
    Session Attrs = {}

Handler:
             Type = com.cts.employeemanagementsystem.controller.EmployeeController
           Method = com.cts.employeemanagementsystem.controller.EmployeeController#saveEmployee(EmployeeDTO)

Async:
    Async started = false
     Async result = null

Resolved Exception:
             Type = null

ModelAndView:
        View name = null
             View = null
            Model = null

FlashMap:
       Attributes = null

MockHttpServletResponse:
           Status = 201
    Error message = null
          Headers = [Content-Type:"application/json"]
     Content type = application/json
             Body = {"id":1,"name":"John Doe","department":"Engineering","salary":75000.0}
    Forwarded URL = null
   Redirected URL = null
          Cookies = []
]]></system-out>
  </testcase>
  <testcase name="testDeleteEmployee_Success" classname="com.cts.employeemanagementsystem.controller.EmployeeControllerTest" time="0.97">
    <system-out><![CDATA[Hibernate: select e1_0.id,e1_0.department,e1_0.name,e1_0.salary from employee e1_0
Hibernate: select e1_0.id,e1_0.department,e1_0.name,e1_0.salary from employee e1_0 where e1_0.id=?
Hibernate: insert into employee (department,name,salary,id) values (?,?,?,?)
Hibernate: select count(*) from employee e1_0 where e1_0.id=?
]]></system-out>
  </testcase>
  <testcase name="testUpdateEmployee_Success" classname="com.cts.employeemanagementsystem.controller.EmployeeControllerTest" time="0.043">
    <system-out><![CDATA[Hibernate: select e1_0.id,e1_0.department,e1_0.name,e1_0.salary from employee e1_0
Hibernate: select e1_0.id,e1_0.department,e1_0.name,e1_0.salary from employee e1_0 where e1_0.id=?
Hibernate: insert into employee (department,name,salary,id) values (?,?,?,?)
Hibernate: select count(*) from employee e1_0 where e1_0.id=?
]]></system-out>
  </testcase>
  <testcase name="testGetEmployeeById_NotFound" classname="com.cts.employeemanagementsystem.controller.EmployeeControllerTest" time="0.056">
    <system-out><![CDATA[Hibernate: select e1_0.id,e1_0.department,e1_0.name,e1_0.salary from employee e1_0
Hibernate: select e1_0.id,e1_0.department,e1_0.name,e1_0.salary from employee e1_0 where e1_0.id=?
]]></system-out>
  </testcase>
  <testcase name="testUpdateEmployee_NotFound" classname="com.cts.employeemanagementsystem.controller.EmployeeControllerTest" time="0.034">
    <system-out><![CDATA[Hibernate: select e1_0.id,e1_0.department,e1_0.name,e1_0.salary from employee e1_0
Hibernate: select count(*) from employee e1_0 where e1_0.id=?
]]></system-out>
  </testcase>
  <testcase name="testGetAllEmployees" classname="com.cts.employeemanagementsystem.controller.EmployeeControllerTest" time="0.071">
    <failure message="No value at JSON path &quot;$._embedded.employeeDTOList&quot;" type="java.lang.AssertionError"><![CDATA[java.lang.AssertionError: No value at JSON path "$._embedded.employeeDTOList"
	at org.springframework.test.util.JsonPathExpectationsHelper.evaluateJsonPath(JsonPathExpectationsHelper.java:351)
	at org.springframework.test.util.JsonPathExpectationsHelper.assertValue(JsonPathExpectationsHelper.java:106)
	at org.springframework.test.web.servlet.result.JsonPathResultMatchers.lambda$value$0(JsonPathResultMatchers.java:88)
	at org.springframework.test.web.servlet.MockMvc$1.andExpect(MockMvc.java:214)
	at com.cts.employeemanagementsystem.controller.EmployeeControllerTest.testGetAllEmployees(EmployeeControllerTest.java:79)
	at java.base/java.lang.reflect.Method.invoke(Method.java:580)
	at java.base/java.util.ArrayList.forEach(ArrayList.java:1596)
	at java.base/java.util.ArrayList.forEach(ArrayList.java:1596)
Caused by: com.jayway.jsonpath.PathNotFoundException: Expected to find an object with property ['_embedded'] in path $ but found 'net.minidev.json.JSONArray'. This is not a json object according to the JsonProvider: 'com.jayway.jsonpath.spi.json.JsonSmartJsonProvider'.
]]></failure>
    <system-out><![CDATA[Hibernate: select e1_0.id,e1_0.department,e1_0.name,e1_0.salary from employee e1_0
Hibernate: select e1_0.id,e1_0.department,e1_0.name,e1_0.salary from employee e1_0 where e1_0.id=?
Hibernate: select e1_0.id,e1_0.department,e1_0.name,e1_0.salary from employee e1_0 where e1_0.id=?
Hibernate: insert into employee (department,name,salary,id) values (?,?,?,?)
Hibernate: insert into employee (department,name,salary,id) values (?,?,?,?)
Hibernate: select e1_0.id,e1_0.department,e1_0.name,e1_0.salary from employee e1_0

MockHttpServletRequest:
      HTTP Method = GET
      Request URI = /employee/all
       Parameters = {}
          Headers = []
             Body = null
    Session Attrs = {}

Handler:
             Type = com.cts.employeemanagementsystem.controller.EmployeeController
           Method = com.cts.employeemanagementsystem.controller.EmployeeController#getAllEmployees()

Async:
    Async started = false
     Async result = null

Resolved Exception:
             Type = null

ModelAndView:
        View name = null
             View = null
            Model = null

FlashMap:
       Attributes = null

MockHttpServletResponse:
           Status = 200
    Error message = null
          Headers = [Content-Type:"application/json"]
     Content type = application/json
             Body = [{"id":1,"name":"John Doe","department":"Engineering","salary":75000.0},{"id":2,"name":"Jane Smith","department":"HR","salary":60000.0}]
    Forwarded URL = null
   Redirected URL = null
          Cookies = []
]]></system-out>
  </testcase>
  <testcase name="testDeleteEmployee_NotFound" classname="com.cts.employeemanagementsystem.controller.EmployeeControllerTest" time="0.035">
    <system-out><![CDATA[Hibernate: select e1_0.id,e1_0.department,e1_0.name,e1_0.salary from employee e1_0
Hibernate: select count(*) from employee e1_0 where e1_0.id=?
]]></system-out>
  </testcase>
  <testcase name="testSaveEmployee_ValidationFailure" classname="com.cts.employeemanagementsystem.controller.EmployeeControllerTest" time="0.073">
    <system-out><![CDATA[Hibernate: select e1_0.id,e1_0.department,e1_0.name,e1_0.salary from employee e1_0
]]></system-out>
  </testcase>
</testsuite>